Using pre-set license
Built from '2020.3/staging' branch; Version is '2020.3.21f1 (a38c86f6690f) revision 10718342'; Using compiler version '192528614'; Build Type 'Release'
OS: 'Windows 10 Pro; OS build 19042.1288; Version 2009; 64bit' Language: 'en' Physical Memory: 16297 MB
BatchMode: 1, IsHumanControllingUs: 0, StartBugReporterOnCrash: 0, Is64bit: 1, IsPro: 0

COMMAND LINE ARGUMENTS:
C:\Program Files\Unity\Hub\Editor\2020.3.21f1\Editor\Unity.exe
-adb2
-batchMode
-noUpm
-name
AssetImportWorker0
-projectPath
C:/Users/matta/Unity/TileVania
-logFile
Logs/AssetImportWorker0.log
-srvPort
54674
Successfully changed project path to: C:/Users/matta/Unity/TileVania
C:/Users/matta/Unity/TileVania
Using Asset Import Pipeline V2.
Refreshing native plugins compatible for Editor in 39.28 ms, found 3 plugins.
Preloading 0 native plugins for Editor in 0.00 ms.
Initialize engine version: 2020.3.21f1 (a38c86f6690f)
[Subsystems] Discovering subsystems at path C:/Program Files/Unity/Hub/Editor/2020.3.21f1/Editor/Data/Resources/UnitySubsystems
[Subsystems] Discovering subsystems at path C:/Users/matta/Unity/TileVania/Assets
GfxDevice: creating device client; threaded=0
Direct3D:
    Version:  Direct3D 11.0 [level 11.1]
    Renderer: NVIDIA GeForce RTX 2070 SUPER (ID=0x1e84)
    Vendor:   
    VRAM:     8011 MB
    Driver:   30.0.14.7168
Initialize mono
Mono path[0] = 'C:/Program Files/Unity/Hub/Editor/2020.3.21f1/Editor/Data/Managed'
Mono path[1] = 'C:/Program Files/Unity/Hub/Editor/2020.3.21f1/Editor/Data/MonoBleedingEdge/lib/mono/unityjit'
Mono config path = 'C:/Program Files/Unity/Hub/Editor/2020.3.21f1/Editor/Data/MonoBleedingEdge/etc'
Using monoOptions --debugger-agent=transport=dt_socket,embedding=1,server=y,suspend=n,address=127.0.0.1:56668
Begin MonoManager ReloadAssembly
Registering precompiled unity dll's ...
Register platform support module: C:/Program Files/Unity/Hub/Editor/2020.3.21f1/Editor/Data/PlaybackEngines/WebGLSupport/UnityEditor.WebGL.Extensions.dll
Register platform support module: C:/Program Files/Unity/Hub/Editor/2020.3.21f1/Editor/Data/PlaybackEngines/WindowsStandaloneSupport/UnityEditor.WindowsStandalone.Extensions.dll
Registered in 0.001669 seconds.
Native extension for WindowsStandalone target not found
Native extension for WebGL target not found
Refreshing native plugins compatible for Editor in 40.01 ms, found 3 plugins.
Preloading 0 native plugins for Editor in 0.00 ms.
Mono: successfully reloaded assembly
- Completed reload, in  0.876 seconds
Domain Reload Profiling:
	ReloadAssembly (876ms)
		BeginReloadAssembly (39ms)
			ExecutionOrderSort (0ms)
			DisableScriptedObjects (0ms)
			BackupInstance (0ms)
			ReleaseScriptingObjects (0ms)
			CreateAndSetChildDomain (1ms)
		EndReloadAssembly (341ms)
			LoadAssemblies (38ms)
			RebuildTransferFunctionScriptingTraits (0ms)
			SetupTypeCache (108ms)
			ReleaseScriptCaches (0ms)
			RebuildScriptCaches (20ms)
			SetupLoadedEditorAssemblies (140ms)
				LogAssemblyErrors (0ms)
				InitializePlatformSupportModulesInManaged (4ms)
				SetLoadedEditorAssemblies (0ms)
				RefreshPlugins (40ms)
				BeforeProcessingInitializeOnLoad (10ms)
				ProcessInitializeOnLoadAttributes (63ms)
				ProcessInitializeOnLoadMethodAttributes (23ms)
				AfterProcessingInitializeOnLoad (0ms)
				EditorAssembliesLoaded (0ms)
			ExecutionOrderSort2 (0ms)
			AwakeInstancesAfterBackupRestoration (0ms)
Platform modules already initialized, skipping
Registering precompiled user dll's ...
Registered in 0.003390 seconds.
Begin MonoManager ReloadAssembly
Native extension for WindowsStandalone target not found
Native extension for WebGL target not found
Refreshing native plugins compatible for Editor in 37.51 ms, found 3 plugins.
Preloading 0 native plugins for Editor in 0.00 ms.
Mono: successfully reloaded assembly
- Completed reload, in  0.919 seconds
Domain Reload Profiling:
	ReloadAssembly (920ms)
		BeginReloadAssembly (108ms)
			ExecutionOrderSort (0ms)
			DisableScriptedObjects (4ms)
			BackupInstance (0ms)
			ReleaseScriptingObjects (0ms)
			CreateAndSetChildDomain (19ms)
		EndReloadAssembly (762ms)
			LoadAssemblies (78ms)
			RebuildTransferFunctionScriptingTraits (0ms)
			SetupTypeCache (252ms)
			ReleaseScriptCaches (1ms)
			RebuildScriptCaches (41ms)
			SetupLoadedEditorAssemblies (312ms)
				LogAssemblyErrors (0ms)
				InitializePlatformSupportModulesInManaged (4ms)
				SetLoadedEditorAssemblies (0ms)
				RefreshPlugins (38ms)
				BeforeProcessingInitializeOnLoad (63ms)
				ProcessInitializeOnLoadAttributes (191ms)
				ProcessInitializeOnLoadMethodAttributes (12ms)
				AfterProcessingInitializeOnLoad (4ms)
				EditorAssembliesLoaded (0ms)
			ExecutionOrderSort2 (0ms)
			AwakeInstancesAfterBackupRestoration (5ms)
Platform modules already initialized, skipping
========================================================================
Worker process is ready to serve import requests
Launched and connected shader compiler UnityShaderCompiler.exe after 0.05 seconds
Refreshing native plugins compatible for Editor in 0.65 ms, found 3 plugins.
Preloading 0 native plugins for Editor in 0.00 ms.
Unloading 2652 Unused Serialized files (Serialized files now loaded: 0)
System memory in use before: 112.3 MB.
System memory in use after: 112.5 MB.

Unloading 31 unused Assets to reduce memory usage. Loaded Objects now: 3088.
Total: 3.187800 ms (FindLiveObjects: 0.312800 ms CreateObjectMapping: 0.066100 ms MarkObjects: 2.735600 ms  DeleteObjects: 0.072100 ms)

AssetImportParameters requested are different than current active one (requested -> active):
  custom:framework-win-MediaFoundation: 216162199b28c13a410421893ffa2e32 -> 
  custom:video-decoder-ogg-theora: a1e56fd34408186e4bbccfd4996cb3dc -> 
  custom:container-muxer-webm: aa71ff27fc2769a1b78a27578f13a17b -> 
  custom:container-demuxer-webm: 4f35f7cbe854078d1ac9338744f61a02 -> 
  custom:container-demuxer-ogg: 62fdf1f143b41e24485cea50d1cbac27 -> 
  custom:video-encoder-webm-vp8: eb34c28f22e8b96e1ab97ce403110664 -> 
  custom:video-decoder-webm-vp8: 9c59270c3fd7afecdb556c50c9e8de78 -> 
  custom:audio-decoder-ogg-vorbis: bf7c407c2cedff20999df2af8eb42d56 -> 
  custom:audio-encoder-webm-vorbis: bf7c407c2cedff20999df2af8eb42d56 -> 
========================================================================
Received Import Request.
  path: Assets/Scripts/GameSession.cs
  artifactKey: Guid(36ab272dc73ae9145a08ef3942ec7f97) Importer(815301076,1909f56bfc062723c751e8b465ee728b)
Start importing Assets/Scripts/GameSession.cs using Guid(36ab272dc73ae9145a08ef3942ec7f97) Importer(815301076,1909f56bfc062723c751e8b465ee728b)  -> (artifact id: '3d27fa4d54fd374099df4af3bc383269') in 0.032873 seconds 
  Import took 0.039141 seconds .

========================================================================
Received Prepare
Registering precompiled user dll's ...
Registered in 0.003210 seconds.
Begin MonoManager ReloadAssembly
Native extension for WindowsStandalone target not found
Native extension for WebGL target not found
Refreshing native plugins compatible for Editor in 0.71 ms, found 3 plugins.
Preloading 0 native plugins for Editor in 0.00 ms.
Mono: successfully reloaded assembly
- Completed reload, in  0.851 seconds
Domain Reload Profiling:
	ReloadAssembly (852ms)
		BeginReloadAssembly (97ms)
			ExecutionOrderSort (0ms)
			DisableScriptedObjects (5ms)
			BackupInstance (0ms)
			ReleaseScriptingObjects (0ms)
			CreateAndSetChildDomain (33ms)
		EndReloadAssembly (710ms)
			LoadAssemblies (68ms)
			RebuildTransferFunctionScriptingTraits (0ms)
			SetupTypeCache (222ms)
			ReleaseScriptCaches (1ms)
			RebuildScriptCaches (34ms)
			SetupLoadedEditorAssemblies (302ms)
				LogAssemblyErrors (0ms)
				InitializePlatformSupportModulesInManaged (4ms)
				SetLoadedEditorAssemblies (0ms)
				RefreshPlugins (1ms)
				BeforeProcessingInitializeOnLoad (72ms)
				ProcessInitializeOnLoadAttributes (211ms)
				ProcessInitializeOnLoadMethodAttributes (9ms)
				AfterProcessingInitializeOnLoad (5ms)
				EditorAssembliesLoaded (0ms)
			ExecutionOrderSort2 (0ms)
			AwakeInstancesAfterBackupRestoration (9ms)
Platform modules already initialized, skipping
Refreshing native plugins compatible for Editor in 0.60 ms, found 3 plugins.
Preloading 0 native plugins for Editor in 0.00 ms.
Unloading 2638 Unused Serialized files (Serialized files now loaded: 0)
System memory in use before: 111.8 MB.
System memory in use after: 112.0 MB.

Unloading 18 unused Assets to reduce memory usage. Loaded Objects now: 3090.
Total: 3.104400 ms (FindLiveObjects: 0.245600 ms CreateObjectMapping: 0.072700 ms MarkObjects: 2.761600 ms  DeleteObjects: 0.023600 ms)

AssetImportParameters requested are different than current active one (requested -> active):
  custom:framework-win-MediaFoundation: 216162199b28c13a410421893ffa2e32 -> 
  custom:video-decoder-ogg-theora: a1e56fd34408186e4bbccfd4996cb3dc -> 
  custom:container-muxer-webm: aa71ff27fc2769a1b78a27578f13a17b -> 
  custom:container-demuxer-webm: 4f35f7cbe854078d1ac9338744f61a02 -> 
  custom:container-demuxer-ogg: 62fdf1f143b41e24485cea50d1cbac27 -> 
  custom:video-encoder-webm-vp8: eb34c28f22e8b96e1ab97ce403110664 -> 
  custom:video-decoder-webm-vp8: 9c59270c3fd7afecdb556c50c9e8de78 -> 
  custom:audio-decoder-ogg-vorbis: bf7c407c2cedff20999df2af8eb42d56 -> 
  custom:audio-encoder-webm-vorbis: bf7c407c2cedff20999df2af8eb42d56 -> 
========================================================================
Received Import Request.
  Time since last request: 6565.871272 seconds.
  path: Assets/SPA/Graphics.psd
  artifactKey: Guid(6331341005fed6a4bb84492dcbc5c2d8) Importer(815301076,1909f56bfc062723c751e8b465ee728b)
Start importing Assets/SPA/Graphics.psd using Guid(6331341005fed6a4bb84492dcbc5c2d8) Importer(815301076,1909f56bfc062723c751e8b465ee728b)  -> (artifact id: 'd9b4e8604cd2eb59530f4c8c46b1ba34') in 0.216359 seconds 
  Import took 0.278810 seconds .

========================================================================
Received Import Request.
  Time since last request: 38.713059 seconds.
  path: Assets/SPA/Player
  artifactKey: Guid(c02c830692dfc6046967ca0a2057f11b) Importer(815301076,1909f56bfc062723c751e8b465ee728b)
Start importing Assets/SPA/Player using Guid(c02c830692dfc6046967ca0a2057f11b) Importer(815301076,1909f56bfc062723c751e8b465ee728b)  -> (artifact id: 'd80a8a85bc370cc67b2cfcede49f43c8') in 0.009074 seconds 
  Import took 0.014165 seconds .

========================================================================
Received Import Request.
  Time since last request: 0.024070 seconds.
  path: Assets/SPA/Player/player_dust.png
  artifactKey: Guid(7c019313fea6df145858906551f22105) Importer(815301076,1909f56bfc062723c751e8b465ee728b)
Start importing Assets/SPA/Player/player_dust.png using Guid(7c019313fea6df145858906551f22105) Importer(815301076,1909f56bfc062723c751e8b465ee728b)  -> (artifact id: '11db76603839a4504ed81bd8cbee21e2') in 0.046421 seconds 
  Import took 0.051600 seconds .

========================================================================
Received Import Request.
  Time since last request: 7.648322 seconds.
  path: Assets/SPA/Objects/Black Bars.png
  artifactKey: Guid(861fa69d971c4424c88da53366004d79) Importer(815301076,1909f56bfc062723c751e8b465ee728b)
Start importing Assets/SPA/Objects/Black Bars.png using Guid(861fa69d971c4424c88da53366004d79) Importer(815301076,1909f56bfc062723c751e8b465ee728b)  -> (artifact id: 'aaea51c745fe2fa1fa548c41b27e9b49') in 0.012537 seconds 
  Import took 0.016552 seconds .

========================================================================
Received Import Request.
  Time since last request: 0.000511 seconds.
  path: Assets/SPA/Objects/ice.png
  artifactKey: Guid(0ff8093b3c2bd4546851ecba4c21b059) Importer(815301076,1909f56bfc062723c751e8b465ee728b)
Start importing Assets/SPA/Objects/ice.png using Guid(0ff8093b3c2bd4546851ecba4c21b059) Importer(815301076,1909f56bfc062723c751e8b465ee728b)  -> (artifact id: '1c04d554582e0c8eb6a6b9c4ba0ba377') in 0.013264 seconds 
  Import took 0.017885 seconds .

========================================================================
Received Import Request.
  Time since last request: 0.000889 seconds.
  path: Assets/SPA/Objects/spikes.png
  artifactKey: Guid(b27ddb492e593da47bee1297fac3be66) Importer(815301076,1909f56bfc062723c751e8b465ee728b)
Start importing Assets/SPA/Objects/spikes.png using Guid(b27ddb492e593da47bee1297fac3be66) Importer(815301076,1909f56bfc062723c751e8b465ee728b)  -> (artifact id: 'ebf4ade869b56110c94df47ccde7aa87') in 0.017730 seconds 
  Import took 0.022335 seconds .

========================================================================
Received Import Request.
  Time since last request: 0.000816 seconds.
  path: Assets/SPA/Objects/ladder.png
  artifactKey: Guid(b3817450496721c409c54c16be5c3b82) Importer(815301076,1909f56bfc062723c751e8b465ee728b)
Start importing Assets/SPA/Objects/ladder.png using Guid(b3817450496721c409c54c16be5c3b82) Importer(815301076,1909f56bfc062723c751e8b465ee728b)  -> (artifact id: '136fc6e3714e54bc73c4d8028498fcd8') in 0.016597 seconds 
  Import took 0.021221 seconds .

========================================================================
Received Import Request.
  Time since last request: 54.248631 seconds.
  path: Assets/SPA/Objects/Bow
  artifactKey: Guid(8ea060124647cf54da35089612293094) Importer(815301076,1909f56bfc062723c751e8b465ee728b)
Start importing Assets/SPA/Objects/Bow using Guid(8ea060124647cf54da35089612293094) Importer(815301076,1909f56bfc062723c751e8b465ee728b)  -> (artifact id: '75ee025121e7afc3f5ea54a418104e58') in 0.007160 seconds 
  Import took 0.011854 seconds .

========================================================================
Received Import Request.
  Time since last request: 0.023541 seconds.
  path: Assets/SPA/Objects/Bow/1.png
  artifactKey: Guid(089f7a126b74bd94290d49b6e699d362) Importer(815301076,1909f56bfc062723c751e8b465ee728b)
Start importing Assets/SPA/Objects/Bow/1.png using Guid(089f7a126b74bd94290d49b6e699d362) Importer(815301076,1909f56bfc062723c751e8b465ee728b)  -> (artifact id: '7a135e974bcfa6f5d61a1f3c9d081844') in 0.014160 seconds 
  Import took 0.019034 seconds .

========================================================================
Received Import Request.
  Time since last request: 0.000890 seconds.
  path: Assets/SPA/Objects/Bow/bowline.png
  artifactKey: Guid(c9b6713b2cb762b4dabf4c8c2d68b70d) Importer(815301076,1909f56bfc062723c751e8b465ee728b)
Start importing Assets/SPA/Objects/Bow/bowline.png using Guid(c9b6713b2cb762b4dabf4c8c2d68b70d) Importer(815301076,1909f56bfc062723c751e8b465ee728b)  -> (artifact id: 'fa88d4b33326e54b130f4bee27692f64') in 0.019738 seconds 
  Import took 0.023742 seconds .

========================================================================
Received Import Request.
  Time since last request: 0.000490 seconds.
  path: Assets/SPA/Objects/Bow/2.png
  artifactKey: Guid(558f9ff6fb18cd145a3e0f1461a59e60) Importer(815301076,1909f56bfc062723c751e8b465ee728b)
Start importing Assets/SPA/Objects/Bow/2.png using Guid(558f9ff6fb18cd145a3e0f1461a59e60) Importer(815301076,1909f56bfc062723c751e8b465ee728b)  -> (artifact id: '814194dccc4feb3b9944dc69666dce7c') in 0.014011 seconds 
  Import took 0.017503 seconds .

========================================================================
Received Import Request.
  Time since last request: 9.521399 seconds.
  path: Assets/SPA/Objects/Bow/Thumbs.db
  artifactKey: Guid(6851e2c1d110722489f882936f4ad146) Importer(815301076,1909f56bfc062723c751e8b465ee728b)
Start importing Assets/SPA/Objects/Bow/Thumbs.db using Guid(6851e2c1d110722489f882936f4ad146) Importer(815301076,1909f56bfc062723c751e8b465ee728b)  -> (artifact id: '3385060bf621817b6948371a5e5f3b08') in 0.009768 seconds 
  Import took 0.014531 seconds .

========================================================================
Received Import Request.
  Time since last request: 9.261822 seconds.
  path: Assets/SPA/Objects/Bomb
  artifactKey: Guid(46904c9de97c8d54eb6adfc5f4bbb71f) Importer(815301076,1909f56bfc062723c751e8b465ee728b)
Start importing Assets/SPA/Objects/Bomb using Guid(46904c9de97c8d54eb6adfc5f4bbb71f) Importer(815301076,1909f56bfc062723c751e8b465ee728b)  -> (artifact id: '9661b6987b3ad69e5ac12a42dfd2aeff') in 0.006636 seconds 
  Import took 0.010613 seconds .

========================================================================
Received Import Request.
  Time since last request: 0.024723 seconds.
  path: Assets/SPA/Objects/Bomb/bomb-hit.png
  artifactKey: Guid(7384a0418cbb6a6438721b40f7a70d29) Importer(815301076,1909f56bfc062723c751e8b465ee728b)
Start importing Assets/SPA/Objects/Bomb/bomb-hit.png using Guid(7384a0418cbb6a6438721b40f7a70d29) Importer(815301076,1909f56bfc062723c751e8b465ee728b)  -> (artifact id: 'a63818d8e8ecd7a0f6c995fec001e9d3') in 0.014866 seconds 
  Import took 0.019358 seconds .

========================================================================
Received Import Request.
  Time since last request: 0.000541 seconds.
  path: Assets/SPA/Objects/Bomb/bomb.png
  artifactKey: Guid(7d6aa69d6b5e8f34099e001f57673701) Importer(815301076,1909f56bfc062723c751e8b465ee728b)
Start importing Assets/SPA/Objects/Bomb/bomb.png using Guid(7d6aa69d6b5e8f34099e001f57673701) Importer(815301076,1909f56bfc062723c751e8b465ee728b)  -> (artifact id: '5812bdb014bcd09f7789238840ad5692') in 0.015939 seconds 
  Import took 0.019160 seconds .

========================================================================
Received Import Request.
  Time since last request: 1.658964 seconds.
  path: Assets/SPA/Objects/Blocks
  artifactKey: Guid(81a82b32d96da3446a6aa59cd67c1aba) Importer(815301076,1909f56bfc062723c751e8b465ee728b)
Start importing Assets/SPA/Objects/Blocks using Guid(81a82b32d96da3446a6aa59cd67c1aba) Importer(815301076,1909f56bfc062723c751e8b465ee728b)  -> (artifact id: '6775bd9df0bd41a415458a3d082ded03') in 0.006580 seconds 
  Import took 0.010976 seconds .

========================================================================
Received Import Request.
  Time since last request: 0.168697 seconds.
  path: Assets/SPA/Objects/Blocks/block-1.png
  artifactKey: Guid(0c9cc778b92588b47907fd724bf139ea) Importer(815301076,1909f56bfc062723c751e8b465ee728b)
Start importing Assets/SPA/Objects/Blocks/block-1.png using Guid(0c9cc778b92588b47907fd724bf139ea) Importer(815301076,1909f56bfc062723c751e8b465ee728b)  -> (artifact id: '3e1a1780c81300f6de3a75bdd050afb4') in 0.011543 seconds 
  Import took 0.016500 seconds .

========================================================================
Received Import Request.
  Time since last request: 0.000892 seconds.
  path: Assets/SPA/Objects/Blocks/block-2.png
  artifactKey: Guid(b2aafe7511fdd8741851699ca3f65802) Importer(815301076,1909f56bfc062723c751e8b465ee728b)
Start importing Assets/SPA/Objects/Blocks/block-2.png using Guid(b2aafe7511fdd8741851699ca3f65802) Importer(815301076,1909f56bfc062723c751e8b465ee728b)  -> (artifact id: 'b59e5bd1ebddf272f7ce18d24a1e0282') in 0.013013 seconds 
  Import took 0.017389 seconds .

========================================================================
Received Import Request.
  Time since last request: 1.286631 seconds.
  path: Assets/SPA/Objects/Blocks/Weak blocks
  artifactKey: Guid(bd3017441181cbc45a2d5a4ef9b787a8) Importer(815301076,1909f56bfc062723c751e8b465ee728b)
Start importing Assets/SPA/Objects/Blocks/Weak blocks using Guid(bd3017441181cbc45a2d5a4ef9b787a8) Importer(815301076,1909f56bfc062723c751e8b465ee728b)  -> (artifact id: '7171e545ab0ff545aefdf967fca21408') in 0.008702 seconds 
  Import took 0.014413 seconds .

========================================================================
Received Import Request.
  Time since last request: 0.039850 seconds.
  path: Assets/SPA/Objects/Blocks/Weak blocks/2.png
  artifactKey: Guid(144ffe1e63b92a347ac7d1e5b406dc62) Importer(815301076,1909f56bfc062723c751e8b465ee728b)
Start importing Assets/SPA/Objects/Blocks/Weak blocks/2.png using Guid(144ffe1e63b92a347ac7d1e5b406dc62) Importer(815301076,1909f56bfc062723c751e8b465ee728b)  -> (artifact id: '6c91a38e540cef4a4ff182b27de7807c') in 0.011497 seconds 
  Import took 0.015242 seconds .

========================================================================
Received Import Request.
  Time since last request: 0.000599 seconds.
  path: Assets/SPA/Objects/Blocks/Weak blocks/weak1.png
  artifactKey: Guid(caec4ee51b5cef24b9b577559d6f6039) Importer(815301076,1909f56bfc062723c751e8b465ee728b)
Start importing Assets/SPA/Objects/Blocks/Weak blocks/weak1.png using Guid(caec4ee51b5cef24b9b577559d6f6039) Importer(815301076,1909f56bfc062723c751e8b465ee728b)  -> (artifact id: 'ec91c73177112b6d694eb2993912a7ed') in 0.013750 seconds 
  Import took 0.017088 seconds .

========================================================================
Received Import Request.
  Time since last request: 0.000494 seconds.
  path: Assets/SPA/Objects/Blocks/Weak blocks/weak_part.png
  artifactKey: Guid(87f8522f196153c429efde53aba4ad76) Importer(815301076,1909f56bfc062723c751e8b465ee728b)
Start importing Assets/SPA/Objects/Blocks/Weak blocks/weak_part.png using Guid(87f8522f196153c429efde53aba4ad76) Importer(815301076,1909f56bfc062723c751e8b465ee728b)  -> (artifact id: '92f2a3fa392ecdfdbd19eb7133e3a1e7') in 0.013233 seconds 
  Import took 0.017216 seconds .

========================================================================
Received Import Request.
  Time since last request: 0.000617 seconds.
  path: Assets/SPA/Objects/Blocks/Weak blocks/3.png
  artifactKey: Guid(4b81ac2bf85bfdf428b6e52f1bc6e301) Importer(815301076,1909f56bfc062723c751e8b465ee728b)
Start importing Assets/SPA/Objects/Blocks/Weak blocks/3.png using Guid(4b81ac2bf85bfdf428b6e52f1bc6e301) Importer(815301076,1909f56bfc062723c751e8b465ee728b)  -> (artifact id: '4107c124b8a6e86dc8939ebd3504296a') in 0.013131 seconds 
  Import took 0.017350 seconds .

========================================================================
Received Import Request.
  Time since last request: 6.896703 seconds.
  path: Assets/SPA/Menu
  artifactKey: Guid(754edc93eee12a340bca5b3fe7d95446) Importer(815301076,1909f56bfc062723c751e8b465ee728b)
Start importing Assets/SPA/Menu using Guid(754edc93eee12a340bca5b3fe7d95446) Importer(815301076,1909f56bfc062723c751e8b465ee728b)  -> (artifact id: '5bb627bfcd493444fe98ab13edda7eb3') in 0.005900 seconds 
  Import took 0.011257 seconds .

========================================================================
Received Import Request.
  Time since last request: 0.057618 seconds.
  path: Assets/SPA/Menu/2.png
  artifactKey: Guid(944f2f363279cb8419ac10971e0de8d9) Importer(815301076,1909f56bfc062723c751e8b465ee728b)
Start importing Assets/SPA/Menu/2.png using Guid(944f2f363279cb8419ac10971e0de8d9) Importer(815301076,1909f56bfc062723c751e8b465ee728b)  -> (artifact id: '3629ec5e48a752d276825b85ee049494') in 0.012314 seconds 
  Import took 0.016806 seconds .

========================================================================
Received Import Request.
  Time since last request: 0.000501 seconds.
  path: Assets/SPA/Menu/Video.png
  artifactKey: Guid(0c54e9f1130e14049ae22d308447b463) Importer(815301076,1909f56bfc062723c751e8b465ee728b)
Start importing Assets/SPA/Menu/Video.png using Guid(0c54e9f1130e14049ae22d308447b463) Importer(815301076,1909f56bfc062723c751e8b465ee728b)  -> (artifact id: 'cc8c47288a1a72fdb3f72f47e333831c') in 0.015907 seconds 
  Import took 0.019958 seconds .

========================================================================
Received Import Request.
  Time since last request: 0.000531 seconds.
  path: Assets/SPA/Menu/Play.png
  artifactKey: Guid(67bb7d6d987981d40b6462e062495e2e) Importer(815301076,1909f56bfc062723c751e8b465ee728b)
Start importing Assets/SPA/Menu/Play.png using Guid(67bb7d6d987981d40b6462e062495e2e) Importer(815301076,1909f56bfc062723c751e8b465ee728b)  -> (artifact id: 'de4526083e4d8dff5d14942c7d87de9f') in 0.013029 seconds 
  Import took 0.017316 seconds .

========================================================================
Received Import Request.
  Time since last request: 0.000579 seconds.
  path: Assets/SPA/Menu/navigation-1.png
  artifactKey: Guid(862405ded32adb6438a90babb45d4994) Importer(815301076,1909f56bfc062723c751e8b465ee728b)
Start importing Assets/SPA/Menu/navigation-1.png using Guid(862405ded32adb6438a90babb45d4994) Importer(815301076,1909f56bfc062723c751e8b465ee728b)  -> (artifact id: '9ff7ad964987e28e2893c45508c7c249') in 0.014074 seconds 
  Import took 0.018174 seconds .

========================================================================
Received Import Request.
  Time since last request: 0.000885 seconds.
  path: Assets/SPA/Menu/Info.png
  artifactKey: Guid(7ff485374d52b4a4e87c638d2b95be9f) Importer(815301076,1909f56bfc062723c751e8b465ee728b)
Start importing Assets/SPA/Menu/Info.png using Guid(7ff485374d52b4a4e87c638d2b95be9f) Importer(815301076,1909f56bfc062723c751e8b465ee728b)  -> (artifact id: 'cfd4ef769104f84bcac7e6793e9daeef') in 0.015630 seconds 
  Import took 0.020358 seconds .

========================================================================
Received Import Request.
  Time since last request: 0.000585 seconds.
  path: Assets/SPA/Menu/3.png
  artifactKey: Guid(1dad7fdab0d72ca46bf63f721f7f9ac4) Importer(815301076,1909f56bfc062723c751e8b465ee728b)
Start importing Assets/SPA/Menu/3.png using Guid(1dad7fdab0d72ca46bf63f721f7f9ac4) Importer(815301076,1909f56bfc062723c751e8b465ee728b)  -> (artifact id: '422550d250274fda9808004e4feac076') in 0.014178 seconds 
  Import took 0.018689 seconds .

========================================================================
Received Import Request.
  Time since last request: 1.318851 seconds.
  path: Assets/SPA/Menu/Titles
  artifactKey: Guid(c42ce210fc160e94991808b8b9c6c831) Importer(815301076,1909f56bfc062723c751e8b465ee728b)
Start importing Assets/SPA/Menu/Titles using Guid(c42ce210fc160e94991808b8b9c6c831) Importer(815301076,1909f56bfc062723c751e8b465ee728b)  -> (artifact id: '46e63ec05f4e35dea8d04020e0dc7f66') in 0.007151 seconds 
  Import took 0.012005 seconds .

========================================================================
Received Import Request.
  Time since last request: 0.052159 seconds.
  path: Assets/SPA/Menu/Titles/controls.png
  artifactKey: Guid(f776294aaedcfc347b0e1a5ad7debedb) Importer(815301076,1909f56bfc062723c751e8b465ee728b)
Start importing Assets/SPA/Menu/Titles/controls.png using Guid(f776294aaedcfc347b0e1a5ad7debedb) Importer(815301076,1909f56bfc062723c751e8b465ee728b)  -> (artifact id: '3948c617f85030c349dda4da7357fa92') in 0.013574 seconds 
  Import took 0.018016 seconds .

========================================================================
Received Import Request.
  Time since last request: 0.000506 seconds.
  path: Assets/SPA/Menu/Titles/title.png
  artifactKey: Guid(e2f729f6230b0b84fbcc1f412f2dc5e2) Importer(815301076,1909f56bfc062723c751e8b465ee728b)
Start importing Assets/SPA/Menu/Titles/title.png using Guid(e2f729f6230b0b84fbcc1f412f2dc5e2) Importer(815301076,1909f56bfc062723c751e8b465ee728b)  -> (artifact id: '9313d5b89190fe11ec90ebd15849a454') in 0.016548 seconds 
  Import took 0.020174 seconds .

========================================================================
Received Import Request.
  Time since last request: 0.000792 seconds.
  path: Assets/SPA/Menu/Titles/font30b.png
  artifactKey: Guid(98dcd636a3c976d48a244915bd40018d) Importer(815301076,1909f56bfc062723c751e8b465ee728b)
Start importing Assets/SPA/Menu/Titles/font30b.png using Guid(98dcd636a3c976d48a244915bd40018d) Importer(815301076,1909f56bfc062723c751e8b465ee728b)  -> (artifact id: '14a95079ab0a9ab3901088f8920a001a') in 0.021296 seconds 
  Import took 0.025827 seconds .

========================================================================
Received Import Request.
  Time since last request: 4.537599 seconds.
  path: Assets/SPA/Decoration
  artifactKey: Guid(3867db14b2d53a540b861b98304fcd6a) Importer(815301076,1909f56bfc062723c751e8b465ee728b)
Start importing Assets/SPA/Decoration using Guid(3867db14b2d53a540b861b98304fcd6a) Importer(815301076,1909f56bfc062723c751e8b465ee728b)  -> (artifact id: '3d9e1e8b0afa2837d42c70a87d49f6db') in 0.006439 seconds 
  Import took 0.011431 seconds .

========================================================================
Received Import Request.
  Time since last request: 0.028715 seconds.
  path: Assets/SPA/Decoration/grass-sheet0.png
  artifactKey: Guid(2096e60b7107c224fbcfb7ab306b1841) Importer(815301076,1909f56bfc062723c751e8b465ee728b)
Start importing Assets/SPA/Decoration/grass-sheet0.png using Guid(2096e60b7107c224fbcfb7ab306b1841) Importer(815301076,1909f56bfc062723c751e8b465ee728b)  -> (artifact id: '0fc7418f35bbe45063b96d4188239b1f') in 0.012166 seconds 
  Import took 0.017176 seconds .

========================================================================
Received Import Request.
  Time since last request: 0.000514 seconds.
  path: Assets/SPA/Decoration/light.png
  artifactKey: Guid(c1516d41d8d7e294791b1af1a7dc4845) Importer(815301076,1909f56bfc062723c751e8b465ee728b)
Start importing Assets/SPA/Decoration/light.png using Guid(c1516d41d8d7e294791b1af1a7dc4845) Importer(815301076,1909f56bfc062723c751e8b465ee728b)  -> (artifact id: '00b35f05de096e2fdbc9b7255ab86895') in 0.013952 seconds 
  Import took 0.017879 seconds .

========================================================================
Received Import Request.
  Time since last request: 0.000605 seconds.
  path: Assets/SPA/Decoration/grass_plain.png
  artifactKey: Guid(cb275c6d10c83ce468852a7cc1c660e2) Importer(815301076,1909f56bfc062723c751e8b465ee728b)
Start importing Assets/SPA/Decoration/grass_plain.png using Guid(cb275c6d10c83ce468852a7cc1c660e2) Importer(815301076,1909f56bfc062723c751e8b465ee728b)  -> (artifact id: '6de2e0a67544ecb4782aa442977c8bd5') in 0.012466 seconds 
  Import took 0.015987 seconds .

========================================================================
Received Import Request.
  Time since last request: 0.000517 seconds.
  path: Assets/SPA/Decoration/rock.png
  artifactKey: Guid(98b1711c67b7d26488681d8635634818) Importer(815301076,1909f56bfc062723c751e8b465ee728b)
Start importing Assets/SPA/Decoration/rock.png using Guid(98b1711c67b7d26488681d8635634818) Importer(815301076,1909f56bfc062723c751e8b465ee728b)  -> (artifact id: '0db524af980a940b98349496eb147753') in 0.011871 seconds 
  Import took 0.015257 seconds .

========================================================================
Received Import Request.
  Time since last request: 0.000493 seconds.
  path: Assets/SPA/Decoration/tiled_bg.png
  artifactKey: Guid(7ca1472057965bd4abf138223627f9ef) Importer(815301076,1909f56bfc062723c751e8b465ee728b)
Start importing Assets/SPA/Decoration/tiled_bg.png using Guid(7ca1472057965bd4abf138223627f9ef) Importer(815301076,1909f56bfc062723c751e8b465ee728b)  -> (artifact id: 'e6910e2e39e9b9f2ff374e74b99bc46e') in 0.012016 seconds 
  Import took 0.016132 seconds .

========================================================================
Received Import Request.
  Time since last request: 0.000639 seconds.
  path: Assets/SPA/Decoration/grass_flowers.png
  artifactKey: Guid(1b8ee58aa36b373488302958ee42e69b) Importer(815301076,1909f56bfc062723c751e8b465ee728b)
Start importing Assets/SPA/Decoration/grass_flowers.png using Guid(1b8ee58aa36b373488302958ee42e69b) Importer(815301076,1909f56bfc062723c751e8b465ee728b)  -> (artifact id: '8c4006e1a36089602a4709605a2946cd') in 0.014344 seconds 
  Import took 0.018353 seconds .

========================================================================
Received Import Request.
  Time since last request: 13.489370 seconds.
  path: Assets/SPA/Objects
  artifactKey: Guid(5db877517e2bb6b4d974cfea520c4ab7) Importer(815301076,1909f56bfc062723c751e8b465ee728b)
Start importing Assets/SPA/Objects using Guid(5db877517e2bb6b4d974cfea520c4ab7) Importer(815301076,1909f56bfc062723c751e8b465ee728b)  -> (artifact id: '11b0fdf86afd1bbe89c32ea5ba2316c3') in 0.006198 seconds 
  Import took 0.011138 seconds .

========================================================================
Received Import Request.
  Time since last request: 28.432100 seconds.
  path: Assets/SPA/tile-map
  artifactKey: Guid(02ed8a580fea708418921a299c649495) Importer(815301076,1909f56bfc062723c751e8b465ee728b)
Start importing Assets/SPA/tile-map using Guid(02ed8a580fea708418921a299c649495) Importer(815301076,1909f56bfc062723c751e8b465ee728b)  -> (artifact id: 'fabeb7b7c8b4901835d997242d96bcf2') in 0.007177 seconds 
  Import took 0.011711 seconds .

========================================================================
Received Import Request.
  Time since last request: 0.055134 seconds.
  path: Assets/SPA/tile-map/1.png
  artifactKey: Guid(b8550f405493f37429b9f0bd08398cfc) Importer(815301076,1909f56bfc062723c751e8b465ee728b)
Start importing Assets/SPA/tile-map/1.png using Guid(b8550f405493f37429b9f0bd08398cfc) Importer(815301076,1909f56bfc062723c751e8b465ee728b)  -> (artifact id: 'eea9749911a340879955a64c2f83fa08') in 0.012467 seconds 
  Import took 0.017700 seconds .

========================================================================
Received Import Request.
  Time since last request: 0.000501 seconds.
  path: Assets/SPA/tile-map/23.png
  artifactKey: Guid(b9c53734a0641694ba4b6d93dd8fd028) Importer(815301076,1909f56bfc062723c751e8b465ee728b)
Start importing Assets/SPA/tile-map/23.png using Guid(b9c53734a0641694ba4b6d93dd8fd028) Importer(815301076,1909f56bfc062723c751e8b465ee728b)  -> (artifact id: 'd86f8de7148eb49e0b2a50ea47d065ec') in 0.013495 seconds 
  Import took 0.018401 seconds .

========================================================================
Received Import Request.
  Time since last request: 0.000657 seconds.
  path: Assets/SPA/tile-map/27.png
  artifactKey: Guid(31abbd886fc153b439e6ecc71fd824d0) Importer(815301076,1909f56bfc062723c751e8b465ee728b)
Start importing Assets/SPA/tile-map/27.png using Guid(31abbd886fc153b439e6ecc71fd824d0) Importer(815301076,1909f56bfc062723c751e8b465ee728b)  -> (artifact id: 'a9eeafe9f645e51a8830ab1112f6d189') in 0.014901 seconds 
  Import took 0.019053 seconds .

========================================================================
Received Import Request.
  Time since last request: 0.000535 seconds.
  path: Assets/SPA/tile-map/11.png
  artifactKey: Guid(332c51f7b6f03ae44b41c36b5ad54d2b) Importer(815301076,1909f56bfc062723c751e8b465ee728b)
Start importing Assets/SPA/tile-map/11.png using Guid(332c51f7b6f03ae44b41c36b5ad54d2b) Importer(815301076,1909f56bfc062723c751e8b465ee728b)  -> (artifact id: 'c57498e1d00697d49e20a086318ffad0') in 0.014793 seconds 
  Import took 0.019499 seconds .

========================================================================
Received Import Request.
  Time since last request: 0.000675 seconds.
  path: Assets/SPA/tile-map/14.png
  artifactKey: Guid(eabc593272439f84e99475ae06005757) Importer(815301076,1909f56bfc062723c751e8b465ee728b)
Start importing Assets/SPA/tile-map/14.png using Guid(eabc593272439f84e99475ae06005757) Importer(815301076,1909f56bfc062723c751e8b465ee728b)  -> (artifact id: '8a716d8b196d7723e6d931b49a2aaacc') in 0.015240 seconds 
  Import took 0.019417 seconds .

========================================================================
Received Import Request.
  Time since last request: 0.000534 seconds.
  path: Assets/SPA/tile-map/19.png
  artifactKey: Guid(71a9a81ad76c38044acc3e6e4fa78a0c) Importer(815301076,1909f56bfc062723c751e8b465ee728b)
Start importing Assets/SPA/tile-map/19.png using Guid(71a9a81ad76c38044acc3e6e4fa78a0c) Importer(815301076,1909f56bfc062723c751e8b465ee728b)  -> (artifact id: 'ff88723b7b544c11dc1b36a6442faf85') in 0.018359 seconds 
  Import took 0.022670 seconds .

========================================================================
Received Import Request.
  Time since last request: 0.000523 seconds.
  path: Assets/SPA/tile-map/8.png
  artifactKey: Guid(9b57b82325820f947a38991fbebe54ec) Importer(815301076,1909f56bfc062723c751e8b465ee728b)
Start importing Assets/SPA/tile-map/8.png using Guid(9b57b82325820f947a38991fbebe54ec) Importer(815301076,1909f56bfc062723c751e8b465ee728b)  -> (artifact id: 'a3412c5e44637922948dfa555be17dee') in 0.013604 seconds 
  Import took 0.017901 seconds .

========================================================================
Received Import Request.
  Time since last request: 0.000737 seconds.
  path: Assets/SPA/tile-map/9.png
  artifactKey: Guid(352256cbced48e44cb239b8591a9aa9c) Importer(815301076,1909f56bfc062723c751e8b465ee728b)
Start importing Assets/SPA/tile-map/9.png using Guid(352256cbced48e44cb239b8591a9aa9c) Importer(815301076,1909f56bfc062723c751e8b465ee728b)  -> (artifact id: '80e2bd31c88d535704f676912bb4197a') in 0.014591 seconds 
  Import took 0.018666 seconds .

========================================================================
Received Import Request.
  Time since last request: 0.000545 seconds.
  path: Assets/SPA/tile-map/3.png
  artifactKey: Guid(5e5641894f6b60b418142599587851f2) Importer(815301076,1909f56bfc062723c751e8b465ee728b)
Start importing Assets/SPA/tile-map/3.png using Guid(5e5641894f6b60b418142599587851f2) Importer(815301076,1909f56bfc062723c751e8b465ee728b)  -> (artifact id: 'ea6b1dcdcef07b741d6d86c1368474ff') in 0.013917 seconds 
  Import took 0.018027 seconds .

========================================================================
Received Import Request.
  Time since last request: 0.000915 seconds.
  path: Assets/SPA/tile-map/20.png
  artifactKey: Guid(c1ea695fac9901041b28d659cff656b7) Importer(815301076,1909f56bfc062723c751e8b465ee728b)
Start importing Assets/SPA/tile-map/20.png using Guid(c1ea695fac9901041b28d659cff656b7) Importer(815301076,1909f56bfc062723c751e8b465ee728b)  -> (artifact id: 'ea90cc4f355ef95caebe514815257ce1') in 0.015083 seconds 
  Import took 0.020186 seconds .

========================================================================
Received Import Request.
  Time since last request: 0.000502 seconds.
  path: Assets/SPA/tile-map/36.png
  artifactKey: Guid(3aeb8a9203ad4af4a84b12cb9e403d0a) Importer(815301076,1909f56bfc062723c751e8b465ee728b)
Start importing Assets/SPA/tile-map/36.png using Guid(3aeb8a9203ad4af4a84b12cb9e403d0a) Importer(815301076,1909f56bfc062723c751e8b465ee728b)  -> (artifact id: '01d3c7ea0d6c77b37130d2a907548f07') in 0.015074 seconds 
  Import took 0.019717 seconds .

========================================================================
Received Import Request.
  Time since last request: 0.000727 seconds.
  path: Assets/SPA/tile-map/33.png
  artifactKey: Guid(a574c96f3808c194095a012cbbccb9ba) Importer(815301076,1909f56bfc062723c751e8b465ee728b)
Start importing Assets/SPA/tile-map/33.png using Guid(a574c96f3808c194095a012cbbccb9ba) Importer(815301076,1909f56bfc062723c751e8b465ee728b)  -> (artifact id: 'b9f4f8a56928b1bbb63de5cad28a0850') in 0.014965 seconds 
  Import took 0.018897 seconds .

========================================================================
Received Import Request.
  Time since last request: 0.000509 seconds.
  path: Assets/SPA/tile-map/6.png
  artifactKey: Guid(ad6c94b4554c4d246874b8e261dbcb85) Importer(815301076,1909f56bfc062723c751e8b465ee728b)
Start importing Assets/SPA/tile-map/6.png using Guid(ad6c94b4554c4d246874b8e261dbcb85) Importer(815301076,1909f56bfc062723c751e8b465ee728b)  -> (artifact id: 'a68884119f3f4bb954be18ec1e45542f') in 0.014738 seconds 
  Import took 0.018936 seconds .

========================================================================
Received Import Request.
  Time since last request: 0.001016 seconds.
  path: Assets/SPA/tile-map/31.png
  artifactKey: Guid(5f8565ac4e5cdc246920e9ef5f27087b) Importer(815301076,1909f56bfc062723c751e8b465ee728b)
Start importing Assets/SPA/tile-map/31.png using Guid(5f8565ac4e5cdc246920e9ef5f27087b) Importer(815301076,1909f56bfc062723c751e8b465ee728b)  -> (artifact id: 'b3fb27983671f15b84e50a5584d7d5b1') in 0.014280 seconds 
  Import took 0.018380 seconds .

========================================================================
Received Import Request.
  Time since last request: 0.000487 seconds.
  path: Assets/SPA/tile-map/32.png
  artifactKey: Guid(f3aaec571402fdd44bc5551f7fab5e8a) Importer(815301076,1909f56bfc062723c751e8b465ee728b)
Start importing Assets/SPA/tile-map/32.png using Guid(f3aaec571402fdd44bc5551f7fab5e8a) Importer(815301076,1909f56bfc062723c751e8b465ee728b)  -> (artifact id: 'c71540261f81aa08c21a671f03aa8b42') in 0.014514 seconds 
  Import took 0.018520 seconds .

========================================================================
Received Import Request.
  Time since last request: 0.000507 seconds.
  path: Assets/SPA/tile-map/16.png
  artifactKey: Guid(ffcfb452505948a408080445f76d7722) Importer(815301076,1909f56bfc062723c751e8b465ee728b)
Start importing Assets/SPA/tile-map/16.png using Guid(ffcfb452505948a408080445f76d7722) Importer(815301076,1909f56bfc062723c751e8b465ee728b)  -> (artifact id: '4180d6b3101bf7df865f416d6d2a5e79') in 0.013365 seconds 
  Import took 0.017413 seconds .

========================================================================
Received Import Request.
  Time since last request: 0.000658 seconds.
  path: Assets/SPA/tile-map/12.png
  artifactKey: Guid(862bb51d4f6f01d41809ff01e040e80f) Importer(815301076,1909f56bfc062723c751e8b465ee728b)
Start importing Assets/SPA/tile-map/12.png using Guid(862bb51d4f6f01d41809ff01e040e80f) Importer(815301076,1909f56bfc062723c751e8b465ee728b)  -> (artifact id: '5ee5921e9587501d4859b8f8c734dcef') in 0.015170 seconds 
  Import took 0.018978 seconds .

========================================================================
Received Import Request.
  Time since last request: 0.000700 seconds.
  path: Assets/SPA/tile-map/25.png
  artifactKey: Guid(c49213f10d82d604f8cc1d4304c2a672) Importer(815301076,1909f56bfc062723c751e8b465ee728b)
Start importing Assets/SPA/tile-map/25.png using Guid(c49213f10d82d604f8cc1d4304c2a672) Importer(815301076,1909f56bfc062723c751e8b465ee728b)  -> (artifact id: 'ef7b6287b3747c3b78cfb53b753500d1') in 0.012449 seconds 
  Import took 0.017469 seconds .

========================================================================
Received Import Request.
  Time since last request: 0.000895 seconds.
  path: Assets/SPA/tile-map/18.png
  artifactKey: Guid(8e8acc018b1888d4cad2c20eb5ab378b) Importer(815301076,1909f56bfc062723c751e8b465ee728b)
Start importing Assets/SPA/tile-map/18.png using Guid(8e8acc018b1888d4cad2c20eb5ab378b) Importer(815301076,1909f56bfc062723c751e8b465ee728b)  -> (artifact id: '4acc21137f6ee8f13459ebc7fa4756b4') in 0.014085 seconds 
  Import took 0.018648 seconds .

========================================================================
Received Import Request.
  Time since last request: 0.000764 seconds.
  path: Assets/SPA/tile-map/28.png
  artifactKey: Guid(0a26a182c00b474489e243055d4a4fee) Importer(815301076,1909f56bfc062723c751e8b465ee728b)
Start importing Assets/SPA/tile-map/28.png using Guid(0a26a182c00b474489e243055d4a4fee) Importer(815301076,1909f56bfc062723c751e8b465ee728b)  -> (artifact id: '2a0e1eb214982c910cee3a9fc415aeda') in 0.017837 seconds 
  Import took 0.021718 seconds .

========================================================================
Received Import Request.
  Time since last request: 0.000746 seconds.
  path: Assets/SPA/tile-map/30.png
  artifactKey: Guid(03f805b15e2a8034a9e76e955a69dd54) Importer(815301076,1909f56bfc062723c751e8b465ee728b)
Start importing Assets/SPA/tile-map/30.png using Guid(03f805b15e2a8034a9e76e955a69dd54) Importer(815301076,1909f56bfc062723c751e8b465ee728b)  -> (artifact id: '6af26a8a3f2a48eeff29f589751387f3') in 0.013886 seconds 
  Import took 0.017305 seconds .

========================================================================
Received Import Request.
  Time since last request: 0.000590 seconds.
  path: Assets/SPA/tile-map/22.png
  artifactKey: Guid(046daacc1d025ad4594be5cba493aff5) Importer(815301076,1909f56bfc062723c751e8b465ee728b)
Start importing Assets/SPA/tile-map/22.png using Guid(046daacc1d025ad4594be5cba493aff5) Importer(815301076,1909f56bfc062723c751e8b465ee728b)  -> (artifact id: '6e4a46ce8707663791abff1a041769a5') in 0.012530 seconds 
  Import took 0.017119 seconds .

========================================================================
Received Import Request.
  Time since last request: 0.000648 seconds.
  path: Assets/SPA/tile-map/37.png
  artifactKey: Guid(4c10290a365de6c4c95b30ff07cdc578) Importer(815301076,1909f56bfc062723c751e8b465ee728b)
Start importing Assets/SPA/tile-map/37.png using Guid(4c10290a365de6c4c95b30ff07cdc578) Importer(815301076,1909f56bfc062723c751e8b465ee728b)  -> (artifact id: '7141d21253c091974d7e47a6eda89e5e') in 0.014977 seconds 
  Import took 0.019228 seconds .

========================================================================
Received Import Request.
  Time since last request: 0.000504 seconds.
  path: Assets/SPA/tile-map/39.png
  artifactKey: Guid(5f83114be6507cf4ca6134d9bbaab8da) Importer(815301076,1909f56bfc062723c751e8b465ee728b)
Start importing Assets/SPA/tile-map/39.png using Guid(5f83114be6507cf4ca6134d9bbaab8da) Importer(815301076,1909f56bfc062723c751e8b465ee728b)  -> (artifact id: 'a06c2dfe8f909fc80d1efa26edbd5281') in 0.012891 seconds 
  Import took 0.017406 seconds .

========================================================================
Received Import Request.
  Time since last request: 0.000497 seconds.
  path: Assets/SPA/tile-map/2.png
  artifactKey: Guid(2fa658b03cbb4d046bb55c8d84022135) Importer(815301076,1909f56bfc062723c751e8b465ee728b)
Start importing Assets/SPA/tile-map/2.png using Guid(2fa658b03cbb4d046bb55c8d84022135) Importer(815301076,1909f56bfc062723c751e8b465ee728b)  -> (artifact id: 'eb93bc83cd79b067a67ceff1c7434e1a') in 0.012204 seconds 
  Import took 0.017792 seconds .

========================================================================
Received Import Request.
  Time since last request: 0.000542 seconds.
  path: Assets/SPA/tile-map/7.png
  artifactKey: Guid(cb53769980f0e1442905b2de5069bff6) Importer(815301076,1909f56bfc062723c751e8b465ee728b)
Start importing Assets/SPA/tile-map/7.png using Guid(cb53769980f0e1442905b2de5069bff6) Importer(815301076,1909f56bfc062723c751e8b465ee728b)  -> (artifact id: 'e3f555b1264a16d0bc2efc573347ace2') in 0.015220 seconds 
  Import took 0.020131 seconds .

========================================================================
Received Import Request.
  Time since last request: 0.000495 seconds.
  path: Assets/SPA/tile-map/24.png
  artifactKey: Guid(139efc53498e76445ab6e9818a6cf590) Importer(815301076,1909f56bfc062723c751e8b465ee728b)
Start importing Assets/SPA/tile-map/24.png using Guid(139efc53498e76445ab6e9818a6cf590) Importer(815301076,1909f56bfc062723c751e8b465ee728b)  -> (artifact id: '3f2c7cf0f2d14c8c6baca80e854cc417') in 0.012871 seconds 
  Import took 0.017919 seconds .

========================================================================
Received Import Request.
  Time since last request: 0.000734 seconds.
  path: Assets/SPA/tile-map/5.png
  artifactKey: Guid(7bcb3b6291e9cc44d96c5eb06db0463e) Importer(815301076,1909f56bfc062723c751e8b465ee728b)
Start importing Assets/SPA/tile-map/5.png using Guid(7bcb3b6291e9cc44d96c5eb06db0463e) Importer(815301076,1909f56bfc062723c751e8b465ee728b)  -> (artifact id: '0849a6cb738037b9fbdeeca433f1638b') in 0.014497 seconds 
  Import took 0.018382 seconds .

========================================================================
Received Import Request.
  Time since last request: 0.000519 seconds.
  path: Assets/SPA/tile-map/13.png
  artifactKey: Guid(e7fe99a1be92eb84c8d775533851ab57) Importer(815301076,1909f56bfc062723c751e8b465ee728b)
Start importing Assets/SPA/tile-map/13.png using Guid(e7fe99a1be92eb84c8d775533851ab57) Importer(815301076,1909f56bfc062723c751e8b465ee728b)  -> (artifact id: '7096dc6b96e7efc84597df9bb197139b') in 0.013664 seconds 
  Import took 0.017674 seconds .

========================================================================
Received Import Request.
  Time since last request: 0.000594 seconds.
  path: Assets/SPA/tile-map/34.png
  artifactKey: Guid(486c95909253b6141908e182ebed8d33) Importer(815301076,1909f56bfc062723c751e8b465ee728b)
Start importing Assets/SPA/tile-map/34.png using Guid(486c95909253b6141908e182ebed8d33) Importer(815301076,1909f56bfc062723c751e8b465ee728b)  -> (artifact id: 'c612a5779c244a2f97aa0cde326b7e08') in 0.013888 seconds 
  Import took 0.018631 seconds .

========================================================================
Received Import Request.
  Time since last request: 0.000523 seconds.
  path: Assets/SPA/tile-map/38.png
  artifactKey: Guid(612ca50f75b61254c80612a183764be5) Importer(815301076,1909f56bfc062723c751e8b465ee728b)
Start importing Assets/SPA/tile-map/38.png using Guid(612ca50f75b61254c80612a183764be5) Importer(815301076,1909f56bfc062723c751e8b465ee728b)  -> (artifact id: 'cf0365b4b97fc1c7a1978f5c15e7d663') in 0.015841 seconds 
  Import took 0.019705 seconds .

========================================================================
Received Import Request.
  Time since last request: 0.000535 seconds.
  path: Assets/SPA/tile-map/26.png
  artifactKey: Guid(f4eec7a116ef36744baefc70a35e53cf) Importer(815301076,1909f56bfc062723c751e8b465ee728b)
Start importing Assets/SPA/tile-map/26.png using Guid(f4eec7a116ef36744baefc70a35e53cf) Importer(815301076,1909f56bfc062723c751e8b465ee728b)  -> (artifact id: '28eece11d9d102695343ab4d72f9fbae') in 0.016936 seconds 
  Import took 0.021483 seconds .

========================================================================
Received Import Request.
  Time since last request: 0.000504 seconds.
  path: Assets/SPA/tile-map/29.png
  artifactKey: Guid(21e41511aed88e142832f7d9153cf777) Importer(815301076,1909f56bfc062723c751e8b465ee728b)
Start importing Assets/SPA/tile-map/29.png using Guid(21e41511aed88e142832f7d9153cf777) Importer(815301076,1909f56bfc062723c751e8b465ee728b)  -> (artifact id: '039a0c5f721c87303ca23ec3e5d32055') in 0.013129 seconds 
  Import took 0.016728 seconds .

========================================================================
Received Import Request.
  Time since last request: 0.000782 seconds.
  path: Assets/SPA/tile-map/10.png
  artifactKey: Guid(02a61dc680bdbac40bd5e614c76590e0) Importer(815301076,1909f56bfc062723c751e8b465ee728b)
Start importing Assets/SPA/tile-map/10.png using Guid(02a61dc680bdbac40bd5e614c76590e0) Importer(815301076,1909f56bfc062723c751e8b465ee728b)  -> (artifact id: 'ba290a5a0e59ba5c79a845ee5e2d4c3b') in 0.013057 seconds 
  Import took 0.018134 seconds .

========================================================================
Received Import Request.
  Time since last request: 0.000536 seconds.
  path: Assets/SPA/tile-map/21.png
  artifactKey: Guid(31e84bb7d6b71e04dbd718e700bafce0) Importer(815301076,1909f56bfc062723c751e8b465ee728b)
Start importing Assets/SPA/tile-map/21.png using Guid(31e84bb7d6b71e04dbd718e700bafce0) Importer(815301076,1909f56bfc062723c751e8b465ee728b)  -> (artifact id: 'd6733c9c676cefb62f931ef82e7f2906') in 0.015507 seconds 
  Import took 0.020436 seconds .

========================================================================
Received Import Request.
  Time since last request: 0.000566 seconds.
  path: Assets/SPA/tile-map/15.png
  artifactKey: Guid(f15355833c8d0e944ac1bb7a4fb0cd94) Importer(815301076,1909f56bfc062723c751e8b465ee728b)
Start importing Assets/SPA/tile-map/15.png using Guid(f15355833c8d0e944ac1bb7a4fb0cd94) Importer(815301076,1909f56bfc062723c751e8b465ee728b)  -> (artifact id: '384111545b28275294992894915b81ec') in 0.013256 seconds 
  Import took 0.017691 seconds .

========================================================================
Received Import Request.
  Time since last request: 0.000654 seconds.
  path: Assets/SPA/tile-map/40.png
  artifactKey: Guid(c59c5c0cc07d8c24ea95f8182482b6bc) Importer(815301076,1909f56bfc062723c751e8b465ee728b)
Start importing Assets/SPA/tile-map/40.png using Guid(c59c5c0cc07d8c24ea95f8182482b6bc) Importer(815301076,1909f56bfc062723c751e8b465ee728b)  -> (artifact id: 'f5c23e0e74d416f7f78798c32a22bdbe') in 0.014483 seconds 
  Import took 0.018338 seconds .

========================================================================
Received Import Request.
  Time since last request: 0.000767 seconds.
  path: Assets/SPA/tile-map/4.png
  artifactKey: Guid(9ef61b9ce0fd0a24195b5d9a64b0cf98) Importer(815301076,1909f56bfc062723c751e8b465ee728b)
Start importing Assets/SPA/tile-map/4.png using Guid(9ef61b9ce0fd0a24195b5d9a64b0cf98) Importer(815301076,1909f56bfc062723c751e8b465ee728b)  -> (artifact id: '4a78e1c8b0fa1f68b8b1c26e6427e1d5') in 0.012539 seconds 
  Import took 0.017105 seconds .

========================================================================
Received Import Request.
  Time since last request: 0.000763 seconds.
  path: Assets/SPA/tile-map/17.png
  artifactKey: Guid(231f8bc6b561b4d4ca43d43c18abdc0d) Importer(815301076,1909f56bfc062723c751e8b465ee728b)
Start importing Assets/SPA/tile-map/17.png using Guid(231f8bc6b561b4d4ca43d43c18abdc0d) Importer(815301076,1909f56bfc062723c751e8b465ee728b)  -> (artifact id: 'eeadcef81334cdf490c7583172c63c6a') in 0.012708 seconds 
  Import took 0.017625 seconds .

========================================================================
Received Import Request.
  Time since last request: 0.000923 seconds.
  path: Assets/SPA/tile-map/tilemap.png
  artifactKey: Guid(55add8dc393b4cb4d8596a0d9b15ad57) Importer(815301076,1909f56bfc062723c751e8b465ee728b)
Start importing Assets/SPA/tile-map/tilemap.png using Guid(55add8dc393b4cb4d8596a0d9b15ad57) Importer(815301076,1909f56bfc062723c751e8b465ee728b)  -> (artifact id: '92d87e60d37b99e90a0142157cc9c80f') in 0.016182 seconds 
  Import took 0.020737 seconds .

========================================================================
Received Import Request.
  Time since last request: 0.000696 seconds.
  path: Assets/SPA/tile-map/41.png
  artifactKey: Guid(bd2659c1a53e7564eb09baad136e282d) Importer(815301076,1909f56bfc062723c751e8b465ee728b)
Start importing Assets/SPA/tile-map/41.png using Guid(bd2659c1a53e7564eb09baad136e282d) Importer(815301076,1909f56bfc062723c751e8b465ee728b)  -> (artifact id: 'e797d02997240d1022e25bdf2bd79713') in 0.013293 seconds 
  Import took 0.018416 seconds .

========================================================================
Received Import Request.
  Time since last request: 0.000866 seconds.
  path: Assets/SPA/tile-map/35.png
  artifactKey: Guid(98f1eecc2f6002449bc3190771c1fbdf) Importer(815301076,1909f56bfc062723c751e8b465ee728b)
Start importing Assets/SPA/tile-map/35.png using Guid(98f1eecc2f6002449bc3190771c1fbdf) Importer(815301076,1909f56bfc062723c751e8b465ee728b)  -> (artifact id: '8d4f36d6faf648d3ad4e583a343309a4') in 0.014103 seconds 
  Import took 0.018736 seconds .

========================================================================
Received Import Request.
  Time since last request: 29.973977 seconds.
  path: Assets/SPA/Player/Hit
  artifactKey: Guid(587d7b9ed9d5c934aae38c7198a6e8de) Importer(815301076,1909f56bfc062723c751e8b465ee728b)
Start importing Assets/SPA/Player/Hit using Guid(587d7b9ed9d5c934aae38c7198a6e8de) Importer(815301076,1909f56bfc062723c751e8b465ee728b)  -> (artifact id: '06f62fc23c1cc67b1b6a79cc710740c0') in 0.005964 seconds 
  Import took 0.010721 seconds .

========================================================================
Received Import Request.
  Time since last request: 0.067051 seconds.
  path: Assets/SPA/Player/Hit/0.png
  artifactKey: Guid(bf545b4962ad35647a2589a7b517eb2d) Importer(815301076,1909f56bfc062723c751e8b465ee728b)
Start importing Assets/SPA/Player/Hit/0.png using Guid(bf545b4962ad35647a2589a7b517eb2d) Importer(815301076,1909f56bfc062723c751e8b465ee728b)  -> (artifact id: '60bb7a08e8104ad80c35cd845c3a6a56') in 0.011634 seconds 
  Import took 0.015524 seconds .

========================================================================
Received Import Request.
  Time since last request: 0.000489 seconds.
  path: Assets/SPA/Player/Hit/2.png
  artifactKey: Guid(0736b2abf1726034fbb880def31ad438) Importer(815301076,1909f56bfc062723c751e8b465ee728b)
Start importing Assets/SPA/Player/Hit/2.png using Guid(0736b2abf1726034fbb880def31ad438) Importer(815301076,1909f56bfc062723c751e8b465ee728b)  -> (artifact id: '2f6b34a0a1fe8d19c8d7222508efc7e4') in 0.012793 seconds 
  Import took 0.016784 seconds .

========================================================================
Received Import Request.
  Time since last request: 0.000488 seconds.
  path: Assets/SPA/Player/Hit/1.png
  artifactKey: Guid(3613c048b38b95d408c0b660b690c089) Importer(815301076,1909f56bfc062723c751e8b465ee728b)
Start importing Assets/SPA/Player/Hit/1.png using Guid(3613c048b38b95d408c0b660b690c089) Importer(815301076,1909f56bfc062723c751e8b465ee728b)  -> (artifact id: '3cbc51f9cf67827c298c2779dc0abafe') in 0.011713 seconds 
  Import took 0.015900 seconds .

========================================================================
Received Import Request.
  Time since last request: 0.000757 seconds.
  path: Assets/SPA/Player/Hit/3.png
  artifactKey: Guid(13af7da735dfce44785e44afa8f5cdba) Importer(815301076,1909f56bfc062723c751e8b465ee728b)
Start importing Assets/SPA/Player/Hit/3.png using Guid(13af7da735dfce44785e44afa8f5cdba) Importer(815301076,1909f56bfc062723c751e8b465ee728b)  -> (artifact id: '1e4d448d107c5752570d08a69ad1fb1c') in 0.011754 seconds 
  Import took 0.015435 seconds .

========================================================================
Received Import Request.
  Time since last request: 0.000565 seconds.
  path: Assets/SPA/Player/Hit/4.png
  artifactKey: Guid(e4968a0b5c05e564eb4fd80b647bfa7b) Importer(815301076,1909f56bfc062723c751e8b465ee728b)
Start importing Assets/SPA/Player/Hit/4.png using Guid(e4968a0b5c05e564eb4fd80b647bfa7b) Importer(815301076,1909f56bfc062723c751e8b465ee728b)  -> (artifact id: 'b9aaa6b68bf82003caed7daffb6ffcd8') in 0.010462 seconds 
  Import took 0.014084 seconds .

========================================================================
Received Import Request.
  Time since last request: 3.838411 seconds.
  path: Assets/SPA/Player/Iddle
  artifactKey: Guid(9bd0a11825284c3499b36931ff5d9f73) Importer(815301076,1909f56bfc062723c751e8b465ee728b)
Start importing Assets/SPA/Player/Iddle using Guid(9bd0a11825284c3499b36931ff5d9f73) Importer(815301076,1909f56bfc062723c751e8b465ee728b)  -> (artifact id: 'e701bf4e5882632797e9582eb9601d75') in 0.006334 seconds 
  Import took 0.010742 seconds .

========================================================================
Received Import Request.
  Time since last request: 0.094473 seconds.
  path: Assets/SPA/Player/Iddle/1.png
  artifactKey: Guid(56152d9a768664a48b81ba8f836a5525) Importer(815301076,1909f56bfc062723c751e8b465ee728b)
Start importing Assets/SPA/Player/Iddle/1.png using Guid(56152d9a768664a48b81ba8f836a5525) Importer(815301076,1909f56bfc062723c751e8b465ee728b)  -> (artifact id: 'd56bf6a617438d6d3e9308d0f427742b') in 0.012896 seconds 
  Import took 0.017177 seconds .

========================================================================
Received Import Request.
  Time since last request: 0.000577 seconds.
  path: Assets/SPA/Player/Iddle/3.png
  artifactKey: Guid(8bac8380e5243c248a2c22020181633b) Importer(815301076,1909f56bfc062723c751e8b465ee728b)
Start importing Assets/SPA/Player/Iddle/3.png using Guid(8bac8380e5243c248a2c22020181633b) Importer(815301076,1909f56bfc062723c751e8b465ee728b)  -> (artifact id: 'ff539b5ac7510a902baefd4bfec4d715') in 0.012532 seconds 
  Import took 0.016645 seconds .

========================================================================
Received Import Request.
  Time since last request: 0.000495 seconds.
  path: Assets/SPA/Player/Iddle/4.png
  artifactKey: Guid(dc34d6b5556009b49af0dc9ffa605878) Importer(815301076,1909f56bfc062723c751e8b465ee728b)
Start importing Assets/SPA/Player/Iddle/4.png using Guid(dc34d6b5556009b49af0dc9ffa605878) Importer(815301076,1909f56bfc062723c751e8b465ee728b)  -> (artifact id: '1cc65085bc93533d19957eb5d9803af0') in 0.014148 seconds 
  Import took 0.018589 seconds .

========================================================================
Received Import Request.
  Time since last request: 0.000494 seconds.
  path: Assets/SPA/Player/Iddle/2.png
  artifactKey: Guid(ec39c7d2577c25e468b1e90fe79dc847) Importer(815301076,1909f56bfc062723c751e8b465ee728b)
Start importing Assets/SPA/Player/Iddle/2.png using Guid(ec39c7d2577c25e468b1e90fe79dc847) Importer(815301076,1909f56bfc062723c751e8b465ee728b)  -> (artifact id: '33babfbd216f97ba776aca7110803f4c') in 0.011238 seconds 
  Import took 0.015750 seconds .

========================================================================
Received Import Request.
  Time since last request: 3.540778 seconds.
  path: Assets/SPA/Player/Underwater
  artifactKey: Guid(63fa1044e73e7444b91f37cf8d57c87e) Importer(815301076,1909f56bfc062723c751e8b465ee728b)
Start importing Assets/SPA/Player/Underwater using Guid(63fa1044e73e7444b91f37cf8d57c87e) Importer(815301076,1909f56bfc062723c751e8b465ee728b)  -> (artifact id: '6e1492852fc9a24eaa8caa5759bbb1f5') in 0.007953 seconds 
  Import took 0.012860 seconds .

========================================================================
Received Import Request.
  Time since last request: 1.912276 seconds.
  path: Assets/SPA/Player/Underwater/Iddle
  artifactKey: Guid(6b09da7543883684c80dc407d55b625a) Importer(815301076,1909f56bfc062723c751e8b465ee728b)
Start importing Assets/SPA/Player/Underwater/Iddle using Guid(6b09da7543883684c80dc407d55b625a) Importer(815301076,1909f56bfc062723c751e8b465ee728b)  -> (artifact id: '0694afe2f719cdbbd6a304c322ee5f5e') in 0.002263 seconds 
  Import took 0.006651 seconds .

========================================================================
Received Import Request.
  Time since last request: 0.555109 seconds.
  path: Assets/SPA/Player/Underwater/Jump-Fall
  artifactKey: Guid(ef891f8b4d5026d449acc908323558af) Importer(815301076,1909f56bfc062723c751e8b465ee728b)
Start importing Assets/SPA/Player/Underwater/Jump-Fall using Guid(ef891f8b4d5026d449acc908323558af) Importer(815301076,1909f56bfc062723c751e8b465ee728b)  -> (artifact id: '66e37999be845a250a5b3d65c1fac08a') in 0.007325 seconds 
  Import took 0.011765 seconds .

========================================================================
Received Import Request.
  Time since last request: 0.073776 seconds.
  path: Assets/SPA/Player/Underwater/Jump-Fall/Fall.png
  artifactKey: Guid(4dcc53afc70594548b0ea4273f78248e) Importer(815301076,1909f56bfc062723c751e8b465ee728b)
Start importing Assets/SPA/Player/Underwater/Jump-Fall/Fall.png using Guid(4dcc53afc70594548b0ea4273f78248e) Importer(815301076,1909f56bfc062723c751e8b465ee728b)  -> (artifact id: '0072c6e266061d4658cffde1aff3f9a9') in 0.013760 seconds 
  Import took 0.018253 seconds .

========================================================================
Received Import Request.
  Time since last request: 0.000509 seconds.
  path: Assets/SPA/Player/Underwater/Jump-Fall/Jump.png
  artifactKey: Guid(05bc4d9afe0bd0443af21bc7fb3566e0) Importer(815301076,1909f56bfc062723c751e8b465ee728b)
Start importing Assets/SPA/Player/Underwater/Jump-Fall/Jump.png using Guid(05bc4d9afe0bd0443af21bc7fb3566e0) Importer(815301076,1909f56bfc062723c751e8b465ee728b)  -> (artifact id: '72582060799d7e9f37f7e602227e4bdc') in 0.017036 seconds 
  Import took 0.021032 seconds .

========================================================================
Received Import Request.
  Time since last request: 1.341130 seconds.
  path: Assets/SPA/Player/Underwater/Run
  artifactKey: Guid(d24e9dc35d1d49f4586cdc71a3565aab) Importer(815301076,1909f56bfc062723c751e8b465ee728b)
Start importing Assets/SPA/Player/Underwater/Run using Guid(d24e9dc35d1d49f4586cdc71a3565aab) Importer(815301076,1909f56bfc062723c751e8b465ee728b)  -> (artifact id: '73da77d8a31cbee27c9a38a2cc4dda59') in 0.006869 seconds 
  Import took 0.011563 seconds .

========================================================================
Received Import Request.
  Time since last request: 0.049973 seconds.
  path: Assets/SPA/Player/Underwater/Run/1.png
  artifactKey: Guid(f10e140a283340b449ff64e99410b672) Importer(815301076,1909f56bfc062723c751e8b465ee728b)
Start importing Assets/SPA/Player/Underwater/Run/1.png using Guid(f10e140a283340b449ff64e99410b672) Importer(815301076,1909f56bfc062723c751e8b465ee728b)  -> (artifact id: '923607faba1282ba3919579c4c43486b') in 0.011822 seconds 
  Import took 0.016731 seconds .

========================================================================
Received Import Request.
  Time since last request: 0.000621 seconds.
  path: Assets/SPA/Player/Underwater/Run/7.png
  artifactKey: Guid(6413d5f51f5453e4583546c6beb38fc6) Importer(815301076,1909f56bfc062723c751e8b465ee728b)
Start importing Assets/SPA/Player/Underwater/Run/7.png using Guid(6413d5f51f5453e4583546c6beb38fc6) Importer(815301076,1909f56bfc062723c751e8b465ee728b)  -> (artifact id: '2472ac1949f47ec560a238acbe17f775') in 0.012738 seconds 
  Import took 0.016993 seconds .

========================================================================
Received Import Request.
  Time since last request: 0.000598 seconds.
  path: Assets/SPA/Player/Underwater/Run/2.png
  artifactKey: Guid(414b1e6f72025f448b70ea8383a0e3e7) Importer(815301076,1909f56bfc062723c751e8b465ee728b)
Start importing Assets/SPA/Player/Underwater/Run/2.png using Guid(414b1e6f72025f448b70ea8383a0e3e7) Importer(815301076,1909f56bfc062723c751e8b465ee728b)  -> (artifact id: '1aad103920b73648a6e808a35ab0a476') in 0.013187 seconds 
  Import took 0.017605 seconds .

========================================================================
Received Import Request.
  Time since last request: 0.000523 seconds.
  path: Assets/SPA/Player/Underwater/Run/10.png
  artifactKey: Guid(2d498204d533125478f30544e5015214) Importer(815301076,1909f56bfc062723c751e8b465ee728b)
Start importing Assets/SPA/Player/Underwater/Run/10.png using Guid(2d498204d533125478f30544e5015214) Importer(815301076,1909f56bfc062723c751e8b465ee728b)  -> (artifact id: '5631f32382d0d7e3d5eb3bbd4608ce0b') in 0.013528 seconds 
  Import took 0.017821 seconds .

========================================================================
Received Import Request.
  Time since last request: 0.000503 seconds.
  path: Assets/SPA/Player/Underwater/Run/6.png
  artifactKey: Guid(fecbbff1e2070e043b4042f13794baca) Importer(815301076,1909f56bfc062723c751e8b465ee728b)
Start importing Assets/SPA/Player/Underwater/Run/6.png using Guid(fecbbff1e2070e043b4042f13794baca) Importer(815301076,1909f56bfc062723c751e8b465ee728b)  -> (artifact id: '77217e2b5b7eff20f00d550457982bcf') in 0.011876 seconds 
  Import took 0.016275 seconds .

========================================================================
Received Import Request.
  Time since last request: 0.000907 seconds.
  path: Assets/SPA/Player/Underwater/Run/3.png
  artifactKey: Guid(916a1035ca6a8e541af91e91a978d9db) Importer(815301076,1909f56bfc062723c751e8b465ee728b)
Start importing Assets/SPA/Player/Underwater/Run/3.png using Guid(916a1035ca6a8e541af91e91a978d9db) Importer(815301076,1909f56bfc062723c751e8b465ee728b)  -> (artifact id: '888e017946e6273baf1ca90846b30943') in 0.014332 seconds 
  Import took 0.018804 seconds .

========================================================================
Received Import Request.
  Time since last request: 0.000889 seconds.
  path: Assets/SPA/Player/Underwater/Run/5.png
  artifactKey: Guid(5fa59f42dcc3644488401cb4bc46d322) Importer(815301076,1909f56bfc062723c751e8b465ee728b)
Start importing Assets/SPA/Player/Underwater/Run/5.png using Guid(5fa59f42dcc3644488401cb4bc46d322) Importer(815301076,1909f56bfc062723c751e8b465ee728b)  -> (artifact id: 'a6161eca582f6601a80bcb698b71153a') in 0.012448 seconds 
  Import took 0.016150 seconds .

========================================================================
Received Import Request.
  Time since last request: 0.000883 seconds.
  path: Assets/SPA/Player/Underwater/Run/8.png
  artifactKey: Guid(a2e2374ae0a6c984a94d2f8a343e712d) Importer(815301076,1909f56bfc062723c751e8b465ee728b)
Start importing Assets/SPA/Player/Underwater/Run/8.png using Guid(a2e2374ae0a6c984a94d2f8a343e712d) Importer(815301076,1909f56bfc062723c751e8b465ee728b)  -> (artifact id: 'af822dd06097a58e258b102252c4c86b') in 0.012185 seconds 
  Import took 0.016874 seconds .

========================================================================
Received Import Request.
  Time since last request: 0.000578 seconds.
  path: Assets/SPA/Player/Underwater/Run/4.png
  artifactKey: Guid(37d9068d93ffa0f4f8d2010f69d804f0) Importer(815301076,1909f56bfc062723c751e8b465ee728b)
Start importing Assets/SPA/Player/Underwater/Run/4.png using Guid(37d9068d93ffa0f4f8d2010f69d804f0) Importer(815301076,1909f56bfc062723c751e8b465ee728b)  -> (artifact id: '5fa2346dcabc0436fb7f874b97a34267') in 0.011078 seconds 
  Import took 0.015303 seconds .

========================================================================
Received Import Request.
  Time since last request: 0.000904 seconds.
  path: Assets/SPA/Player/Underwater/Run/9.png
  artifactKey: Guid(5686b203fb5c5d943a06460eeb2607f5) Importer(815301076,1909f56bfc062723c751e8b465ee728b)
Start importing Assets/SPA/Player/Underwater/Run/9.png using Guid(5686b203fb5c5d943a06460eeb2607f5) Importer(815301076,1909f56bfc062723c751e8b465ee728b)  -> (artifact id: 'eb898eeb7acc96bec877d9ca17c8ad75') in 0.012405 seconds 
  Import took 0.018016 seconds .

========================================================================
Received Import Request.
  Time since last request: 2.044278 seconds.
  path: Assets/SPA/Player/Blue-Red
  artifactKey: Guid(d24d572ec7d8aa346bbd85eca96feff7) Importer(815301076,1909f56bfc062723c751e8b465ee728b)
Start importing Assets/SPA/Player/Blue-Red using Guid(d24d572ec7d8aa346bbd85eca96feff7) Importer(815301076,1909f56bfc062723c751e8b465ee728b)  -> (artifact id: '2232e26dad717a2f8f2408a5462ce1a8') in 0.006497 seconds 
  Import took 0.011372 seconds .

========================================================================
Received Import Request.
  Time since last request: 0.151475 seconds.
  path: Assets/SPA/Player/Blue-Red/Blue.png
  artifactKey: Guid(6f1fb9289bcc5c24784f0b16f27a5fe2) Importer(815301076,1909f56bfc062723c751e8b465ee728b)
Start importing Assets/SPA/Player/Blue-Red/Blue.png using Guid(6f1fb9289bcc5c24784f0b16f27a5fe2) Importer(815301076,1909f56bfc062723c751e8b465ee728b)  -> (artifact id: '39d97a454a58e7519a428c0350f5541e') in 0.012952 seconds 
  Import took 0.017011 seconds .

========================================================================
Received Import Request.
  Time since last request: 0.000498 seconds.
  path: Assets/SPA/Player/Blue-Red/Red.png
  artifactKey: Guid(63981a37e6365564a860477152ca0dba) Importer(815301076,1909f56bfc062723c751e8b465ee728b)
Start importing Assets/SPA/Player/Blue-Red/Red.png using Guid(63981a37e6365564a860477152ca0dba) Importer(815301076,1909f56bfc062723c751e8b465ee728b)  -> (artifact id: '8a8cfbac1a34c5d7ec3cf6ae279355c8') in 0.015022 seconds 
  Import took 0.018455 seconds .

========================================================================
Received Import Request.
  Time since last request: 1.788484 seconds.
  path: Assets/SPA/Player/Bow
  artifactKey: Guid(060f30f39ed798344af0351ec00c72b5) Importer(815301076,1909f56bfc062723c751e8b465ee728b)
Start importing Assets/SPA/Player/Bow using Guid(060f30f39ed798344af0351ec00c72b5) Importer(815301076,1909f56bfc062723c751e8b465ee728b)  -> (artifact id: '94c3e510a873cac01bf5fb6613aac471') in 0.006547 seconds 
  Import took 0.010793 seconds .

========================================================================
Received Import Request.
  Time since last request: 5.710990 seconds.
  path: Assets/SPA/Items
  artifactKey: Guid(bf7de0de9f71dde4e92fa2f9dfd53deb) Importer(815301076,1909f56bfc062723c751e8b465ee728b)
Start importing Assets/SPA/Items using Guid(bf7de0de9f71dde4e92fa2f9dfd53deb) Importer(815301076,1909f56bfc062723c751e8b465ee728b)  -> (artifact id: 'ff8bb2699b5d8d3796f6c9d6a97e53dc') in 0.008161 seconds 
  Import took 0.012419 seconds .

========================================================================
Received Import Request.
  Time since last request: 1.054161 seconds.
  path: Assets/SPA/Items/Heart
  artifactKey: Guid(4cb885cba8854e8459518ef93ba11c98) Importer(815301076,1909f56bfc062723c751e8b465ee728b)
Start importing Assets/SPA/Items/Heart using Guid(4cb885cba8854e8459518ef93ba11c98) Importer(815301076,1909f56bfc062723c751e8b465ee728b)  -> (artifact id: '85e3401dc6e7d78a908bfb3dd0ea4d92') in 0.006579 seconds 
  Import took 0.010816 seconds .

========================================================================
Received Import Request.
  Time since last request: 0.049305 seconds.
  path: Assets/SPA/Items/Heart/heart-grey.png
  artifactKey: Guid(3ad9513579014e54f9bdc4fa35285397) Importer(815301076,1909f56bfc062723c751e8b465ee728b)
Start importing Assets/SPA/Items/Heart/heart-grey.png using Guid(3ad9513579014e54f9bdc4fa35285397) Importer(815301076,1909f56bfc062723c751e8b465ee728b)  -> (artifact id: '5c8538a9b8d823e1412aa2fa06004345') in 0.012927 seconds 
  Import took 0.017991 seconds .

========================================================================
Received Import Request.
  Time since last request: 0.000582 seconds.
  path: Assets/SPA/Items/Heart/heart-red.png
  artifactKey: Guid(8ffd5bb6c38cabd4ab8e29fde269c4aa) Importer(815301076,1909f56bfc062723c751e8b465ee728b)
Start importing Assets/SPA/Items/Heart/heart-red.png using Guid(8ffd5bb6c38cabd4ab8e29fde269c4aa) Importer(815301076,1909f56bfc062723c751e8b465ee728b)  -> (artifact id: '2a3a5e14f7ce2e475117e512167319e5') in 0.012313 seconds 
  Import took 0.016276 seconds .

========================================================================
Received Import Request.
  Time since last request: 0.000492 seconds.
  path: Assets/SPA/Items/Heart/heart_white.png
  artifactKey: Guid(65cd9f0302fa9714aa82667a6bc19052) Importer(815301076,1909f56bfc062723c751e8b465ee728b)
Start importing Assets/SPA/Items/Heart/heart_white.png using Guid(65cd9f0302fa9714aa82667a6bc19052) Importer(815301076,1909f56bfc062723c751e8b465ee728b)  -> (artifact id: 'ee6664eed06ea7829db9713dc0af487a') in 0.013693 seconds 
  Import took 0.017260 seconds .

========================================================================
Received Import Request.
  Time since last request: 1.409081 seconds.
  path: Assets/SPA/Items/Heart/Pick heart
  artifactKey: Guid(9b67c42674f08d04ba13d31879f1169b) Importer(815301076,1909f56bfc062723c751e8b465ee728b)
Start importing Assets/SPA/Items/Heart/Pick heart using Guid(9b67c42674f08d04ba13d31879f1169b) Importer(815301076,1909f56bfc062723c751e8b465ee728b)  -> (artifact id: 'cc122f94eda53ca142ff134827659604') in 0.006794 seconds 
  Import took 0.011061 seconds .

========================================================================
Received Import Request.
  Time since last request: 0.284578 seconds.
  path: Assets/SPA/Items/Heart/Pick heart/1.png
  artifactKey: Guid(4b2f3fd3f432ad148a82601664db75b7) Importer(815301076,1909f56bfc062723c751e8b465ee728b)
Start importing Assets/SPA/Items/Heart/Pick heart/1.png using Guid(4b2f3fd3f432ad148a82601664db75b7) Importer(815301076,1909f56bfc062723c751e8b465ee728b)  -> (artifact id: '2de88083ce60217f1e431227511d0e54') in 0.009481 seconds 
  Import took 0.014205 seconds .

========================================================================
Received Import Request.
  Time since last request: 0.000725 seconds.
  path: Assets/SPA/Items/Heart/Pick heart/4.png
  artifactKey: Guid(66e0c2e9337acba4790d5f3e71f9820f) Importer(815301076,1909f56bfc062723c751e8b465ee728b)
Start importing Assets/SPA/Items/Heart/Pick heart/4.png using Guid(66e0c2e9337acba4790d5f3e71f9820f) Importer(815301076,1909f56bfc062723c751e8b465ee728b)  -> (artifact id: '2b40fa0a9a2abc346c51dedb858b7be8') in 0.011113 seconds 
  Import took 0.015439 seconds .

========================================================================
Received Import Request.
  Time since last request: 0.000760 seconds.
  path: Assets/SPA/Items/Heart/Pick heart/2.png
  artifactKey: Guid(2499deda18fecde4bacfa22a3d1948c1) Importer(815301076,1909f56bfc062723c751e8b465ee728b)
Start importing Assets/SPA/Items/Heart/Pick heart/2.png using Guid(2499deda18fecde4bacfa22a3d1948c1) Importer(815301076,1909f56bfc062723c751e8b465ee728b)  -> (artifact id: 'a3ef67f47dc41998fae52f51b8124b54') in 0.014601 seconds 
  Import took 0.018711 seconds .

========================================================================
Received Import Request.
  Time since last request: 0.000495 seconds.
  path: Assets/SPA/Items/Heart/Pick heart/5.png
  artifactKey: Guid(c1cb7ad50b684c34c9b591471f8a0dbb) Importer(815301076,1909f56bfc062723c751e8b465ee728b)
Start importing Assets/SPA/Items/Heart/Pick heart/5.png using Guid(c1cb7ad50b684c34c9b591471f8a0dbb) Importer(815301076,1909f56bfc062723c751e8b465ee728b)  -> (artifact id: '744024eee62b1f6f2f03be4404684fe4') in 0.011602 seconds 
  Import took 0.016000 seconds .

========================================================================
Received Import Request.
  Time since last request: 0.000508 seconds.
  path: Assets/SPA/Items/Heart/Pick heart/3.png
  artifactKey: Guid(a0ad94e5465c64f4da308422cec8d2d3) Importer(815301076,1909f56bfc062723c751e8b465ee728b)
Start importing Assets/SPA/Items/Heart/Pick heart/3.png using Guid(a0ad94e5465c64f4da308422cec8d2d3) Importer(815301076,1909f56bfc062723c751e8b465ee728b)  -> (artifact id: '9d71f3bf2d2c1d99dca032ffc53b6864') in 0.012835 seconds 
  Import took 0.017809 seconds .

========================================================================
Received Import Request.
  Time since last request: 0.000982 seconds.
  path: Assets/SPA/Items/Heart/Pick heart/6.png
  artifactKey: Guid(ef9f72320fde1284c8fd463b7d3a13c6) Importer(815301076,1909f56bfc062723c751e8b465ee728b)
Start importing Assets/SPA/Items/Heart/Pick heart/6.png using Guid(ef9f72320fde1284c8fd463b7d3a13c6) Importer(815301076,1909f56bfc062723c751e8b465ee728b)  -> (artifact id: 'bd7ebda61a5cfe0451464d8f77457c22') in 0.014861 seconds 
  Import took 0.019524 seconds .

AssetImportWorkerClient::OnTransportError - code=2 error=End of file
